#
# There is insufficient memory for the Java Runtime Environment to continue.
# Native memory allocation (malloc) failed to allocate 618336 bytes for Chunk::new
# Possible reasons:
#   The system is out of physical RAM or swap space
#   The process is running with CompressedOops enabled, and the Java Heap may be blocking the growth of the native heap
# Possible solutions:
#   Reduce memory load on the system
#   Increase physical memory or swap space
#   Check if swap backing store is full
#   Decrease Java heap size (-Xmx/-Xms)
#   Decrease number of Java threads
#   Decrease Java thread stack sizes (-Xss)
#   Set larger code cache with -XX:ReservedCodeCacheSize=
#   JVM is running with Unscaled Compressed Oops mode in which the Java heap is
#     placed in the first 4GB address space. The Java Heap base address is the
#     maximum limit for the native heap growth. Please use -XX:HeapBaseMinAddress
#     to set the Java Heap base and to place the Java Heap above 4GB virtual address.
# This output file may be truncated or incomplete.
#
#  Out of Memory Error (allocation.cpp:390), pid=21832, tid=0x0000000000005b30
#
# JRE version: Java(TM) SE Runtime Environment (8.0_201-b09) (build 1.8.0_201-b09)
# Java VM: Java HotSpot(TM) 64-Bit Server VM (25.201-b09 mixed mode windows-amd64 compressed oops)
# Failed to write core dump. Minidumps are not enabled by default on client versions of Windows
#

---------------  T H R E A D  ---------------

Current thread (0x0000000017998800):  JavaThread "C2 CompilerThread0" daemon [_thread_in_native, id=23344, stack(0x0000000019000000,0x0000000019100000)]

Stack: [0x0000000019000000,0x0000000019100000]
[error occurred during error reporting (printing stack bounds), id 0xc0000005]

Native frames: (J=compiled Java code, j=interpreted, Vv=VM code, C=native code)


Current CompileTask:
C2:  14246 7523   !   4       java.net.URL::<init> (543 bytes)


---------------  P R O C E S S  ---------------

Java Threads: ( => current thread )
  0x000000001e910800 JavaThread "localhost-startStop-1" daemon [_thread_in_Java, id=15692, stack(0x0000000021dd0000,0x0000000021ed0000)]
  0x000000001ad10800 JavaThread "Tomcat-startStop-1" daemon [_thread_blocked, id=14056, stack(0x0000000021cd0000,0x0000000021dd0000)]
  0x000000001c5c7800 JavaThread "main" [_thread_blocked, id=24448, stack(0x000000001e1e0000,0x000000001e2e0000)]
  0x0000000019323000 JavaThread "Service Thread" daemon [_thread_blocked, id=19272, stack(0x0000000019700000,0x0000000019800000)]
  0x00000000179a5800 JavaThread "C1 CompilerThread2" daemon [_thread_blocked, id=3576, stack(0x0000000019200000,0x0000000019300000)]
  0x000000001799d800 JavaThread "C2 CompilerThread1" daemon [_thread_in_native, id=25744, stack(0x0000000019100000,0x0000000019200000)]
=>0x0000000017998800 JavaThread "C2 CompilerThread0" daemon [_thread_in_native, id=23344, stack(0x0000000019000000,0x0000000019100000)]
  0x0000000017997000 JavaThread "Attach Listener" daemon [_thread_blocked, id=21844, stack(0x0000000018f00000,0x0000000019000000)]
  0x0000000017993800 JavaThread "Signal Dispatcher" daemon [_thread_blocked, id=23688, stack(0x0000000018e00000,0x0000000018f00000)]
  0x0000000002e5c000 JavaThread "Finalizer" daemon [_thread_blocked, id=23940, stack(0x0000000018be0000,0x0000000018ce0000)]
  0x000000001797a000 JavaThread "Reference Handler" daemon [_thread_blocked, id=15584, stack(0x0000000018ae0000,0x0000000018be0000)]
  0x0000000002d63000 JavaThread "main" [_thread_blocked, id=15108, stack(0x0000000002c00000,0x0000000002d00000)]

Other Threads:
  0x0000000017958800 VMThread [stack: 0x00000000189e0000,0x0000000018ae0000] [id=1040]
  0x00000000179ee800 WatcherThread [stack: 0x0000000019800000,0x0000000019900000] [id=10548]

VM state:not at safepoint (normal execution)

VM Mutex/Monitor currently owned by a thread: None

heap address: 0x0000000081c00000, size: 2020 MB, Compressed Oops mode: 32-bit
Narrow klass base: 0x0000000000000000, Narrow klass shift: 3
Compressed class space size: 1073741824 Address: 0x0000000100000000

Heap:
 PSYoungGen      total 266752K, used 248449K [0x00000000d5f00000, 0x00000000e7f00000, 0x0000000100000000)
  eden space 249856K, 99% used [0x00000000d5f00000,0x00000000e51a0590,0x00000000e5300000)
  from space 16896K, 0% used [0x00000000e5b00000,0x00000000e5b00000,0x00000000e6b80000)
  to   space 19968K, 0% used [0x00000000e6b80000,0x00000000e6b80000,0x00000000e7f00000)
 ParOldGen       total 126464K, used 42305K [0x0000000081c00000, 0x0000000089780000, 0x00000000d5f00000)
  object space 126464K, 33% used [0x0000000081c00000,0x0000000084550560,0x0000000089780000)
 Metaspace       used 47735K, capacity 48620K, committed 48896K, reserved 1091584K
  class space    used 5804K, capacity 6057K, committed 6144K, reserved 1048576K

Card table byte_map: [0x0000000012220000,0x0000000012620000] byte_map_base: 0x0000000011e12000

Marking Bits: (ParMarkBitMap*) 0x0000000052d74ce0
 Begin Bits: [0x0000000012cd0000, 0x0000000014c60000)
 End Bits:   [0x0000000014c60000, 0x0000000016bf0000)

Polling page: 0x0000000000f70000

CodeCache: size=245760Kb used=23884Kb max_used=23946Kb free=221875Kb
 bounds [0x0000000002e60000, 0x00000000045f0000, 0x0000000011e60000]
 total_blobs=6928 nmethods=6468 adapters=372
 compilation: enabled

Compilation events (10 events):
Event: 14.106 Thread 0x00000000179a5800 7532       3       java.lang.Class::getEnclosingMethodInfo (21 bytes)
Event: 14.106 Thread 0x00000000179a5800 nmethod 7532 0x0000000003dd8cd0 code [0x0000000003dd8e60, 0x0000000003dd90b8]
Event: 14.107 Thread 0x00000000179a5800 7533   !   3       org.springframework.beans.factory.support.FactoryBeanRegistrySupport::getTypeForFactoryBean (48 bytes)
Event: 14.107 Thread 0x00000000179a5800 nmethod 7533 0x0000000002fe0c10 code [0x0000000002fe0de0, 0x0000000002fe1448]
Event: 14.116 Thread 0x00000000179a5800 7534       3       sun.reflect.generics.repository.ConstructorRepository::getExceptionTypes (78 bytes)
Event: 14.117 Thread 0x00000000179a5800 nmethod 7534 0x0000000002f70fd0 code [0x0000000002f711c0, 0x0000000002f71d78]
Event: 14.118 Thread 0x00000000179a5800 7536       3       java.util.LinkedHashMap::afterNodeAccess (116 bytes)
Event: 14.118 Thread 0x00000000179a5800 nmethod 7536 0x00000000032d8350 code [0x00000000032d84c0, 0x00000000032d8970]
Event: 14.123 Thread 0x000000001799d800 nmethod 7505% 0x00000000045daa10 code [0x00000000045dace0, 0x00000000045dde10]
Event: 14.124 Thread 0x000000001799d800 7537 %     4       org.springframework.boot.bind.DefaultPropertyNamePatternsMatcher::matches @ 78 (226 bytes)

GC Heap History (10 events):
Event: 5.172 GC heap before
{Heap before GC invocations=7 (full 0):
 PSYoungGen      total 145920K, used 17729K [0x00000000d5f00000, 0x00000000dfa00000, 0x0000000100000000)
  eden space 133120K, 5% used [0x00000000d5f00000,0x00000000d66bc5a0,0x00000000de100000)
  from space 12800K, 76% used [0x00000000ded80000,0x00000000df713f38,0x00000000dfa00000)
  to   space 12800K, 0% used [0x00000000de100000,0x00000000de100000,0x00000000ded80000)
 ParOldGen       total 87552K, used 16355K [0x0000000081c00000, 0x0000000087180000, 0x00000000d5f00000)
  object space 87552K, 18% used [0x0000000081c00000,0x0000000082bf8f08,0x0000000087180000)
 Metaspace       used 20641K, capacity 21104K, committed 21296K, reserved 1069056K
  class space    used 2470K, capacity 2618K, committed 2688K, reserved 1048576K
Event: 5.207 GC heap after
Heap after GC invocations=7 (full 0):
 PSYoungGen      total 145920K, used 7264K [0x00000000d5f00000, 0x00000000e7c00000, 0x0000000100000000)
  eden space 133120K, 0% used [0x00000000d5f00000,0x00000000d5f00000,0x00000000de100000)
  from space 12800K, 56% used [0x00000000de100000,0x00000000de818250,0x00000000ded80000)
  to   space 12800K, 0% used [0x00000000e6f80000,0x00000000e6f80000,0x00000000e7c00000)
 ParOldGen       total 87552K, used 17941K [0x0000000081c00000, 0x0000000087180000, 0x00000000d5f00000)
  object space 87552K, 20% used [0x0000000081c00000,0x0000000082d857c8,0x0000000087180000)
 Metaspace       used 20641K, capacity 21104K, committed 21296K, reserved 1069056K
  class space    used 2470K, capacity 2618K, committed 2688K, reserved 1048576K
}
Event: 5.207 GC heap before
{Heap before GC invocations=8 (full 1):
 PSYoungGen      total 145920K, used 7264K [0x00000000d5f00000, 0x00000000e7c00000, 0x0000000100000000)
  eden space 133120K, 0% used [0x00000000d5f00000,0x00000000d5f00000,0x00000000de100000)
  from space 12800K, 56% used [0x00000000de100000,0x00000000de818250,0x00000000ded80000)
  to   space 12800K, 0% used [0x00000000e6f80000,0x00000000e6f80000,0x00000000e7c00000)
 ParOldGen       total 87552K, used 17941K [0x0000000081c00000, 0x0000000087180000, 0x00000000d5f00000)
  object space 87552K, 20% used [0x0000000081c00000,0x0000000082d857c8,0x0000000087180000)
 Metaspace       used 20641K, capacity 21104K, committed 21296K, reserved 1069056K
  class space    used 2470K, capacity 2618K, committed 2688K, reserved 1048576K
Event: 5.438 GC heap after
Heap after GC invocations=8 (full 1):
 PSYoungGen      total 145920K, used 0K [0x00000000d5f00000, 0x00000000e7c00000, 0x0000000100000000)
  eden space 133120K, 0% used [0x00000000d5f00000,0x00000000d5f00000,0x00000000de100000)
  from space 12800K, 0% used [0x00000000de100000,0x00000000de100000,0x00000000ded80000)
  to   space 12800K, 0% used [0x00000000e6f80000,0x00000000e6f80000,0x00000000e7c00000)
 ParOldGen       total 74752K, used 18864K [0x0000000081c00000, 0x0000000086500000, 0x00000000d5f00000)
  object space 74752K, 25% used [0x0000000081c00000,0x0000000082e6c028,0x0000000086500000)
 Metaspace       used 20641K, capacity 21104K, committed 21296K, reserved 1069056K
  class space    used 2470K, capacity 2618K, committed 2688K, reserved 1048576K
}
Event: 8.442 GC heap before
{Heap before GC invocations=9 (full 1):
 PSYoungGen      total 145920K, used 133120K [0x00000000d5f00000, 0x00000000e7c00000, 0x0000000100000000)
  eden space 133120K, 100% used [0x00000000d5f00000,0x00000000de100000,0x00000000de100000)
  from space 12800K, 0% used [0x00000000de100000,0x00000000de100000,0x00000000ded80000)
  to   space 12800K, 0% used [0x00000000e6f80000,0x00000000e6f80000,0x00000000e7c00000)
 ParOldGen       total 74752K, used 18864K [0x0000000081c00000, 0x0000000086500000, 0x00000000d5f00000)
  object space 74752K, 25% used [0x0000000081c00000,0x0000000082e6c028,0x0000000086500000)
 Metaspace       used 23890K, capacity 24470K, committed 24704K, reserved 1071104K
  class space    used 2725K, capacity 2907K, committed 2944K, reserved 1048576K
Event: 8.471 GC heap after
Heap after GC invocations=9 (full 1):
 PSYoungGen      total 209920K, used 12791K [0x00000000d5f00000, 0x00000000e7c00000, 0x0000000100000000)
  eden space 197120K, 0% used [0x00000000d5f00000,0x00000000d5f00000,0x00000000e1f80000)
  from space 12800K, 99% used [0x00000000e6f80000,0x00000000e7bfddd0,0x00000000e7c00000)
  to   space 16896K, 0% used [0x00000000e5b00000,0x00000000e5b00000,0x00000000e6b80000)
 ParOldGen       total 74752K, used 24676K [0x0000000081c00000, 0x0000000086500000, 0x00000000d5f00000)
  object space 74752K, 33% used [0x0000000081c00000,0x00000000834190e0,0x0000000086500000)
 Metaspace       used 23890K, capacity 24470K, committed 24704K, reserved 1071104K
  class space    used 2725K, capacity 2907K, committed 2944K, reserved 1048576K
}
Event: 10.355 GC heap before
{Heap before GC invocations=10 (full 1):
 PSYoungGen      total 209920K, used 119230K [0x00000000d5f00000, 0x00000000e7c00000, 0x0000000100000000)
  eden space 197120K, 53% used [0x00000000d5f00000,0x00000000dc6f1de8,0x00000000e1f80000)
  from space 12800K, 99% used [0x00000000e6f80000,0x00000000e7bfddd0,0x00000000e7c00000)
  to   space 16896K, 0% used [0x00000000e5b00000,0x00000000e5b00000,0x00000000e6b80000)
 ParOldGen       total 74752K, used 24676K [0x0000000081c00000, 0x0000000086500000, 0x00000000d5f00000)
  object space 74752K, 33% used [0x0000000081c00000,0x00000000834190e0,0x0000000086500000)
 Metaspace       used 34721K, capacity 35464K, committed 35496K, reserved 1081344K
  class space    used 4128K, capacity 4342K, committed 4352K, reserved 1048576K
Event: 10.390 GC heap after
Heap after GC invocations=10 (full 1):
 PSYoungGen      total 266752K, used 16874K [0x00000000d5f00000, 0x00000000e7f00000, 0x0000000100000000)
  eden space 249856K, 0% used [0x00000000d5f00000,0x00000000d5f00000,0x00000000e5300000)
  from space 16896K, 99% used [0x00000000e5b00000,0x00000000e6b7a968,0x00000000e6b80000)
  to   space 19968K, 0% used [0x00000000e6b80000,0x00000000e6b80000,0x00000000e7f00000)
 ParOldGen       total 74752K, used 33332K [0x0000000081c00000, 0x0000000086500000, 0x00000000d5f00000)
  object space 74752K, 44% used [0x0000000081c00000,0x0000000083c8d168,0x0000000086500000)
 Metaspace       used 34721K, capacity 35464K, committed 35496K, reserved 1081344K
  class space    used 4128K, capacity 4342K, committed 4352K, reserved 1048576K
}
Event: 10.390 GC heap before
{Heap before GC invocations=11 (full 2):
 PSYoungGen      total 266752K, used 16874K [0x00000000d5f00000, 0x00000000e7f00000, 0x0000000100000000)
  eden space 249856K, 0% used [0x00000000d5f00000,0x00000000d5f00000,0x00000000e5300000)
  from space 16896K, 99% used [0x00000000e5b00000,0x00000000e6b7a968,0x00000000e6b80000)
  to   space 19968K, 0% used [0x00000000e6b80000,0x00000000e6b80000,0x00000000e7f00000)
 ParOldGen       total 74752K, used 33332K [0x0000000081c00000, 0x0000000086500000, 0x00000000d5f00000)
  object space 74752K, 44% used [0x0000000081c00000,0x0000000083c8d168,0x0000000086500000)
 Metaspace       used 34721K, capacity 35464K, committed 35496K, reserved 1081344K
  class space    used 4128K, capacity 4342K, committed 4352K, reserved 1048576K
Event: 10.540 GC heap after
Heap after GC invocations=11 (full 2):
 PSYoungGen      total 266752K, used 0K [0x00000000d5f00000, 0x00000000e7f00000, 0x0000000100000000)
  eden space 249856K, 0% used [0x00000000d5f00000,0x00000000d5f00000,0x00000000e5300000)
  from space 16896K, 0% used [0x00000000e5b00000,0x00000000e5b00000,0x00000000e6b80000)
  to   space 19968K, 0% used [0x00000000e6b80000,0x00000000e6b80000,0x00000000e7f00000)
 ParOldGen       total 126464K, used 42305K [0x0000000081c00000, 0x0000000089780000, 0x00000000d5f00000)
  object space 126464K, 33% used [0x0000000081c00000,0x0000000084550560,0x0000000089780000)
 Metaspace       used 34721K, capacity 35464K, committed 35496K, reserved 1081344K
  class space    used 4128K, capacity 4342K, committed 4352K, reserved 1048576K
}

Deoptimization events (10 events):
Event: 13.936 Thread 0x000000001e910800 Uncommon trap: reason=null_check action=make_not_entrant pc=0x000000000414a60c method=java.net.URL.getURLStreamHandler(Ljava/lang/String;)Ljava/net/URLStreamHandler; @ 7
Event: 13.944 Thread 0x000000001e910800 Uncommon trap: reason=class_check action=maybe_recompile pc=0x0000000003bde99c method=java.util.zip.InflaterInputStream.read([BII)I @ 100
Event: 13.947 Thread 0x000000001e910800 Uncommon trap: reason=class_check action=maybe_recompile pc=0x0000000003bde99c method=java.util.zip.InflaterInputStream.read([BII)I @ 100
Event: 13.947 Thread 0x000000001e910800 Uncommon trap: reason=class_check action=maybe_recompile pc=0x0000000003bde99c method=java.util.zip.InflaterInputStream.read([BII)I @ 100
Event: 13.947 Thread 0x000000001e910800 Uncommon trap: reason=class_check action=maybe_recompile pc=0x0000000003bde99c method=java.util.zip.InflaterInputStream.read([BII)I @ 100
Event: 13.980 Thread 0x000000001e910800 Uncommon trap: reason=unstable_if action=reinterpret pc=0x000000000418d530 method=java.lang.StringCoding.decode(Ljava/lang/String;[BII)[C @ 51
Event: 13.981 Thread 0x000000001e910800 Uncommon trap: reason=class_check action=maybe_recompile pc=0x0000000003b7c95c method=java.lang.StringCoding$StringDecoder.decode([BII)[C @ 30
Event: 13.981 Thread 0x000000001e910800 Uncommon trap: reason=class_check action=maybe_recompile pc=0x0000000003b7c95c method=java.lang.StringCoding$StringDecoder.decode([BII)[C @ 30
Event: 13.981 Thread 0x000000001e910800 Uncommon trap: reason=class_check action=maybe_recompile pc=0x0000000003b7c95c method=java.lang.StringCoding$StringDecoder.decode([BII)[C @ 30
Event: 13.981 Thread 0x000000001e910800 Uncommon trap: reason=class_check action=maybe_recompile pc=0x0000000003b7c95c method=java.lang.StringCoding$StringDecoder.decode([BII)[C @ 30

Classes redefined (0 events):
No events

Internal exceptions (10 events):
Event: 13.150 Thread 0x000000001c5c7800 Exception <a 'java/lang/ClassNotFoundException': java/lang/ObjectCustomizer> (0x00000000e2c7b220) thrown at [C:\re\workspace\8-2-build-windows-amd64-cygwin\jdk8u201\12322\hotspot\src\share\vm\classfile\systemDictionary.cpp, line 210]
Event: 13.151 Thread 0x000000001c5c7800 Exception <a 'java/lang/ClassNotFoundException': org/springframework/boot/autoconfigure/web/ErrorMvcAutoConfigurationCustomizer> (0x00000000e2c9a8e8) thrown at [C:\re\workspace\8-2-build-windows-amd64-cygwin\jdk8u201\12322\hotspot\src\share\vm\classfile\s
Event: 13.152 Thread 0x000000001c5c7800 Exception <a 'java/lang/ClassNotFoundException': org/springframework/boot/autoconfigure/web/ErrorMvcAutoConfiguration$$EnhancerBySpringCGLIB$$13e68e30Customizer> (0x00000000e2cc2048) thrown at [C:\re\workspace\8-2-build-windows-amd64-cygwin\jdk8u201\12322
Event: 13.153 Thread 0x000000001c5c7800 Exception <a 'java/lang/ClassNotFoundException': org/springframework/context/annotation/ConfigurationClassEnhancer$EnhancedConfigurationCustomizer> (0x00000000e2cec0c0) thrown at [C:\re\workspace\8-2-build-windows-amd64-cygwin\jdk8u201\12322\hotspot\src\s
Event: 13.165 Thread 0x000000001c5c7800 Exception <a 'java/lang/ClassNotFoundException': java/lang/ObjectCustomizer> (0x00000000e2e17f40) thrown at [C:\re\workspace\8-2-build-windows-amd64-cygwin\jdk8u201\12322\hotspot\src\share\vm\classfile\systemDictionary.cpp, line 210]
Event: 13.166 Thread 0x000000001c5c7800 Exception <a 'java/lang/ClassNotFoundException': org/springframework/boot/autoconfigure/web/ErrorMvcAutoConfiguration$ErrorPageCustomizerCustomizer> (0x00000000e2e3b988) thrown at [C:\re\workspace\8-2-build-windows-amd64-cygwin\jdk8u201\12322\hotspot\src\
Event: 13.167 Thread 0x000000001c5c7800 Exception <a 'java/lang/ClassNotFoundException': org/springframework/boot/web/servlet/ErrorPageRegistrarCustomizer> (0x00000000e2e57a70) thrown at [C:\re\workspace\8-2-build-windows-amd64-cygwin\jdk8u201\12322\hotspot\src\share\vm\classfile\systemDictiona
Event: 13.167 Thread 0x000000001c5c7800 Exception <a 'java/lang/ClassNotFoundException': org/springframework/core/OrderedCustomizer> (0x00000000e2e69f40) thrown at [C:\re\workspace\8-2-build-windows-amd64-cygwin\jdk8u201\12322\hotspot\src\share\vm\classfile\systemDictionary.cpp, line 210]
Event: 14.112 Thread 0x000000001e910800 Exception <a 'java/lang/ClassNotFoundException': java/lang/ObjectCustomizer> (0x00000000e4a71840) thrown at [C:\re\workspace\8-2-build-windows-amd64-cygwin\jdk8u201\12322\hotspot\src\share\vm\classfile\systemDictionary.cpp, line 210]
Event: 14.115 Thread 0x000000001e910800 Exception <a 'java/lang/ClassNotFoundException': org/springframework/boot/autoconfigure/web/WebMvcPropertiesCustomizer> (0x00000000e4a91218) thrown at [C:\re\workspace\8-2-build-windows-amd64-cygwin\jdk8u201\12322\hotspot\src\share\vm\classfile\systemDict

Events (10 events):
Event: 14.136 Thread 0x000000001e910800 DEOPT PACKING pc=0x00000000045300ec sp=0x0000000021eccc20
Event: 14.137 Thread 0x000000001e910800 DEOPT UNPACKING pc=0x0000000002ea7890 sp=0x0000000021ecc9a0 mode 0
Event: 14.138 Thread 0x000000001e910800 DEOPT PACKING pc=0x00000000045300ec sp=0x0000000021eccc20
Event: 14.138 Thread 0x000000001e910800 DEOPT UNPACKING pc=0x0000000002ea7890 sp=0x0000000021ecc9a0 mode 0
Event: 14.138 Thread 0x000000001e910800 DEOPT PACKING pc=0x00000000045300ec sp=0x0000000021eccc20
Event: 14.138 Thread 0x000000001e910800 DEOPT UNPACKING pc=0x0000000002ea7890 sp=0x0000000021ecc9a0 mode 0
Event: 14.138 Thread 0x000000001e910800 DEOPT PACKING pc=0x00000000045300ec sp=0x0000000021eccc20
Event: 14.138 Thread 0x000000001e910800 DEOPT UNPACKING pc=0x0000000002ea7890 sp=0x0000000021ecc9a0 mode 0
Event: 14.139 Thread 0x000000001e910800 DEOPT PACKING pc=0x00000000045300ec sp=0x0000000021eccc20
Event: 14.139 Thread 0x000000001e910800 DEOPT UNPACKING pc=0x0000000002ea7890 sp=0x0000000021ecc9a0 mode 0


Dynamic libraries:
0x00007ff616160000 - 0x00007ff616197000 	C:\Program Files\Java\jdk1.8.0_201\bin\java.exe
0x00007ffb12400000 - 0x00007ffb125ed000 	C:\WINDOWS\SYSTEM32\ntdll.dll
0x00007ffb11ba0000 - 0x00007ffb11c53000 	C:\WINDOWS\System32\KERNEL32.DLL
0x00007ffb0f0a0000 - 0x00007ffb0f333000 	C:\WINDOWS\System32\KERNELBASE.dll
0x00007ffb11c60000 - 0x00007ffb11d03000 	C:\WINDOWS\System32\ADVAPI32.dll
0x00007ffb0f9c0000 - 0x00007ffb0fa5e000 	C:\WINDOWS\System32\msvcrt.dll
0x00007ffb0fc20000 - 0x00007ffb0fcbe000 	C:\WINDOWS\System32\sechost.dll
0x00007ffb11f70000 - 0x00007ffb12092000 	C:\WINDOWS\System32\RPCRT4.dll
0x00007ffb11890000 - 0x00007ffb11a27000 	C:\WINDOWS\System32\USER32.dll
0x00007ffb0f400000 - 0x00007ffb0f420000 	C:\WINDOWS\System32\win32u.dll
0x00007ffb11800000 - 0x00007ffb11829000 	C:\WINDOWS\System32\GDI32.dll
0x00007ffb0ee00000 - 0x00007ffb0ef9a000 	C:\WINDOWS\System32\gdi32full.dll
0x00007ffb0f340000 - 0x00007ffb0f3e0000 	C:\WINDOWS\System32\msvcp_win.dll
0x00007ffb0f530000 - 0x00007ffb0f62c000 	C:\WINDOWS\System32\ucrtbase.dll
0x00007ffaff300000 - 0x00007ffaff579000 	C:\WINDOWS\WinSxS\amd64_microsoft.windows.common-controls_6595b64144ccf1df_6.0.17763.316_none_05b53be2071f46b6\COMCTL32.dll
0x00007ffb0f630000 - 0x00007ffb0f95d000 	C:\WINDOWS\System32\combase.dll
0x00007ffb0f420000 - 0x00007ffb0f49e000 	C:\WINDOWS\System32\bcryptPrimitives.dll
0x00007ffb122f0000 - 0x00007ffb1231e000 	C:\WINDOWS\System32\IMM32.DLL
0x0000000052e00000 - 0x0000000052ed1000 	C:\Program Files\Java\jdk1.8.0_201\jre\bin\msvcr100.dll
0x0000000052550000 - 0x0000000052df4000 	C:\Program Files\Java\jdk1.8.0_201\jre\bin\server\jvm.dll
0x00007ffb12260000 - 0x00007ffb12268000 	C:\WINDOWS\System32\PSAPI.DLL
0x00007ffb0b3a0000 - 0x00007ffb0b3c4000 	C:\WINDOWS\SYSTEM32\WINMM.dll
0x00007ffb02d30000 - 0x00007ffb02d3a000 	C:\WINDOWS\SYSTEM32\VERSION.dll
0x00007ffaf88a0000 - 0x00007ffaf88a9000 	C:\WINDOWS\SYSTEM32\WSOCK32.dll
0x00007ffb12120000 - 0x00007ffb1218d000 	C:\WINDOWS\System32\WS2_32.dll
0x00007ffb0b370000 - 0x00007ffb0b39d000 	C:\WINDOWS\SYSTEM32\winmmbase.dll
0x00007ffb0efa0000 - 0x00007ffb0efea000 	C:\WINDOWS\System32\cfgmgr32.dll
0x00007ffb0cb80000 - 0x00007ffb0cb8f000 	C:\Program Files\Java\jdk1.8.0_201\jre\bin\verify.dll
0x00007ffaeea90000 - 0x00007ffaeeab9000 	C:\Program Files\Java\jdk1.8.0_201\jre\bin\java.dll
0x00007ffaf0f40000 - 0x00007ffaf0f56000 	C:\Program Files\Java\jdk1.8.0_201\jre\bin\zip.dll
0x00007ffb0fcc0000 - 0x00007ffb111af000 	C:\WINDOWS\System32\SHELL32.dll
0x00007ffb12320000 - 0x00007ffb123c8000 	C:\WINDOWS\System32\shcore.dll
0x00007ffb0e4d0000 - 0x00007ffb0ec1a000 	C:\WINDOWS\System32\windows.storage.dll
0x00007ffb0e4a0000 - 0x00007ffb0e4c4000 	C:\WINDOWS\System32\profapi.dll
0x00007ffb0e420000 - 0x00007ffb0e47d000 	C:\WINDOWS\System32\powrprof.dll
0x00007ffb11320000 - 0x00007ffb11372000 	C:\WINDOWS\System32\shlwapi.dll
0x00007ffb0e400000 - 0x00007ffb0e411000 	C:\WINDOWS\System32\kernel.appcore.dll
0x00007ffb0f3e0000 - 0x00007ffb0f3f7000 	C:\WINDOWS\System32\cryptsp.dll
0x00007ffb0d8f0000 - 0x00007ffb0d8fa000 	C:\apache-maven-3.5.4\lib\jansi-native\windows64\jansi.dll
0x00007ffaee600000 - 0x00007ffaee61a000 	C:\Program Files\Java\jdk1.8.0_201\jre\bin\net.dll
0x00007ffaffa40000 - 0x00007ffaffc17000 	C:\WINDOWS\SYSTEM32\urlmon.dll
0x00007ffaffdd0000 - 0x00007ffb00078000 	C:\WINDOWS\SYSTEM32\iertutil.dll
0x00007ffb0db50000 - 0x00007ffb0db5c000 	C:\WINDOWS\SYSTEM32\CRYPTBASE.DLL
0x00007ffb0d980000 - 0x00007ffb0d9e7000 	C:\WINDOWS\system32\mswsock.dll
0x00007ffaeccd0000 - 0x00007ffaecce1000 	C:\Program Files\Java\jdk1.8.0_201\jre\bin\nio.dll
0x00007ffb0cc90000 - 0x00007ffb0cc9d000 	C:\Program Files\Java\jdk1.8.0_201\jre\bin\management.dll
0x00007ffb0cb60000 - 0x00007ffb0cb76000 	C:\WINDOWS\system32\napinsp.dll
0x00007ffafb8b0000 - 0x00007ffafb8ca000 	C:\WINDOWS\system32\pnrpnsp.dll
0x00007ffb0d670000 - 0x00007ffb0d736000 	C:\WINDOWS\SYSTEM32\DNSAPI.dll
0x00007ffb0fa60000 - 0x00007ffb0fa68000 	C:\WINDOWS\System32\NSI.dll
0x00007ffb0d630000 - 0x00007ffb0d66d000 	C:\WINDOWS\SYSTEM32\IPHLPAPI.DLL
0x00007ffafe5e0000 - 0x00007ffafe5ee000 	C:\WINDOWS\System32\winrnr.dll
0x00007ffb09c10000 - 0x00007ffb09c2b000 	C:\WINDOWS\system32\NLAapi.dll
0x00007ffb04660000 - 0x00007ffb04675000 	C:\WINDOWS\system32\wshbth.dll
0x00007ffaffa30000 - 0x00007ffaffa3a000 	C:\Windows\System32\rasadhlp.dll
0x00007ffaff0b0000 - 0x00007ffaff129000 	C:\WINDOWS\System32\fwpuclnt.dll
0x00007ffb0f500000 - 0x00007ffb0f526000 	C:\WINDOWS\System32\bcrypt.dll
0x00007ffb0d470000 - 0x00007ffb0d4a3000 	C:\WINDOWS\system32\rsaenh.dll
0x00007ffb0e330000 - 0x00007ffb0e358000 	C:\WINDOWS\SYSTEM32\USERENV.dll
0x00007ffb02990000 - 0x00007ffb029a6000 	C:\WINDOWS\SYSTEM32\dhcpcsvc6.DLL
0x00007ffb03950000 - 0x00007ffb0396c000 	C:\WINDOWS\SYSTEM32\dhcpcsvc.DLL

VM Arguments:
jvm_args: -Dclassworlds.conf=C:\apache-maven-3.5.4\bin\..\bin\m2.conf -Dmaven.home=C:\apache-maven-3.5.4\bin\.. -Dlibrary.jansi.path=C:\apache-maven-3.5.4\bin\..\lib\jansi-native -Dmaven.multiModuleProjectDirectory=C:\Users\Something\buscaapp\profundizacion3 
java_command: org.codehaus.plexus.classworlds.launcher.Launcher spring-boot:run
java_class_path (initial): C:\apache-maven-3.5.4\bin\..\boot\plexus-classworlds-2.5.2.jar
Launcher Type: SUN_STANDARD

Environment Variables:
JAVA_HOME=C:\Program Files\Java\jdk1.8.0_201
PATH=C:\Program Files (x86)\Common Files\Oracle\Java\javapath;C:\ProgramData\Oracle\Java\javapath;C:\Program Files (x86)\Java\jre1.8.0_144\bin;C:\Users\Something\AppData\Local\Programs\Python\Python35;C:\Users\Something\Anaconda3;C:\Users\Something\AppData\Local\Programs\Python\Python35\Scripts;C:\Users\Something\AppData\Local\Programs\Python\Python35\Lib\site-packages\pymongo;C:\Users\Something\AppData\Local\Programs\Python\Python35\Lib\site-packages;C:\Program Files (x86)\Skype\Phone\;C:\Users\Something\Anaconda3\Lib\site-packages;C:\WINDOWS\system32;C:\WINDOWS;C:\WINDOWS\System32\Wbem;C:\WINDOWS\System32\WindowsPowerShell\v1.0\;C:\WINDOWS\System32\OpenSSH\;C:\Program Files\MATLAB\R2016a\runtime\win64;C:\Program Files\MATLAB\R2016a\bin;C:\Program Files\MATLAB\R2016a\polyspace\bin;C:\Program Files\nodejs\;C:\Program Files\Git\cmd;C:\apache-maven-3.5.4;C:\apache-maven-3.5.4\bin;C:\Program Files\nodejs;C:\Program Files\nodejs\node_modules\npm;C:\Users\Something\AppData\Local\Microsoft\WindowsApps;C:\Users\Something;C:\WINDOWS\system32;C:\WINDOWS;C:\WINDOWS\System32\Wbem;C:\WINDOWS\System32\WindowsPowerShell\v1.0\;C:\WINDOWS\System32\OpenSSH\;C:\Program Files\Java\jdk1.8.0_66;C:\Users\Something\AppData\Local\Microsoft\WindowsApps;C:\Users\Something\Anaconda3\Lib;C:\Program Files (x86)\Java\jre1.8.0_141\bin;C:\Users\Something\Anaconda3;C:\Users\Something\AppData\Local\atom\bin;C:\Users\Something\AppData\Local\Programs\Python\Python35\Lib\site-packages;C:\Users\Something\Anaconda3\Library\bin;C:\Users\Something\Anaconda3\Lib\site-packages\pip;C:\Program Files\MongoDB\Server\3.4\bin;C:\wildfly-10.1.0.Final\bin;C:\Users\Something\AppData\Local\Microsoft\WindowsApps;C:\Users\Something\AppData\Local\Programs\Microsoft VS Code\bin;C:\Users\Something\AppData\Roaming\npm;C:\Program Files\Java\jdk1.8.0_66;
USERNAME=Something
OS=Windows_NT
PROCESSOR_IDENTIFIER=Intel64 Family 6 Model 69 Stepping 1, GenuineIntel



---------------  S Y S T E M  ---------------

OS: Windows 10.0 , 64 bit Build 17763 (10.0.17763.292)

CPU:total 4 (initial active 4) (2 cores per cpu, 2 threads per core) family 6 model 69 stepping 1, cmov, cx8, fxsr, mmx, sse, sse2, sse3, ssse3, sse4.1, sse4.2, popcnt, avx, avx2, aes, clmul, erms, lzcnt, ht, tsc, tscinvbit, bmi1, bmi2

Memory: 4k page, physical 8268844k(1135956k free), swap 12170284k(4836k free)

vm_info: Java HotSpot(TM) 64-Bit Server VM (25.201-b09) for windows-amd64 JRE (1.8.0_201-b09), built on Dec 15 2018 18:36:39 by "java_re" with MS VC++ 10.0 (VS2010)

time: Tue Feb 19 17:43:15 2019
timezone: Hora est. Pacífico, Sudamérica
elapsed time: 14 seconds (0d 0h 0m 14s)

